32_0211_0A04_Trail_Rot 0  wall time (in hours):  0.004198205669720968
32_0211_0A04_Trail_Rot 0  wall time (in mins):  0.25189234018325807 

32_0211_0A04_Trail_Rot 1  wall time (in hours):  0.0042037752601835465
32_0211_0A04_Trail_Rot 1  wall time (in mins):  0.2522265156110128 

32_0211_0A04_Trail_Rot 2  wall time (in hours):  0.005227709545029534
32_0211_0A04_Trail_Rot 2  wall time (in mins):  0.31366257270177206 

32_0211_0A04_Trail_Rot 3  wall time (in hours):  0.004723731676737467
32_0211_0A04_Trail_Rot 3  wall time (in mins):  0.28342390060424805 

32_0211_0A04_Trail_Rot 4  wall time (in hours):  0.004802593125237359
32_0211_0A04_Trail_Rot 4  wall time (in mins):  0.28815558751424153 

32_0211_0A04_Trail_Rot 5  wall time (in hours):  0.005247321128845215
32_0211_0A04_Trail_Rot 5  wall time (in mins):  0.3148392677307129 

32_0211_0A04_Trail_Rot 6  wall time (in hours):  0.005142786237928602
32_0211_0A04_Trail_Rot 6  wall time (in mins):  0.30856717427571617 

32_0211_0A04_Trail_Rot 7  wall time (in hours):  0.004347359339396159
32_0211_0A04_Trail_Rot 7  wall time (in mins):  0.26084156036376954 

32_0211_0A04_Trail_Rot 8  wall time (in hours):  0.0040855738189485334
32_0211_0A04_Trail_Rot 8  wall time (in mins):  0.24513442913691202 

32_0211_0A04_Trail_Rot 9  wall time (in hours):  0.008185464209980434
32_0211_0A04_Trail_Rot 9  wall time (in mins):  0.4911278525988261 

32_0211_0A04_Trail_Rot 10  wall time (in hours):  0.006223967141575283
32_0211_0A04_Trail_Rot 10  wall time (in mins):  0.373438028494517 

32_0211_0A04_Trail_Rot 11  wall time (in hours):  0.01034191303782993
32_0211_0A04_Trail_Rot 11  wall time (in mins):  0.6205147822697957 

32_0211_0A04_Trail_Rot 12  wall time (in hours):  0.005657462345229255
32_0211_0A04_Trail_Rot 12  wall time (in mins):  0.3394477407137553 

32_0211_0A04_Trail_Rot 13  wall time (in hours):  0.004794986711608039
32_0211_0A04_Trail_Rot 13  wall time (in mins):  0.28769920269648236 

32_0211_0A04_Trail_Rot 14  wall time (in hours):  0.004277402030097114
32_0211_0A04_Trail_Rot 14  wall time (in mins):  0.2566441218058268 

32_0211_0A04_Trail_Rot 15  wall time (in hours):  0.004323398073514302
32_0211_0A04_Trail_Rot 15  wall time (in mins):  0.25940388441085815 

32_0211_0A04 2  rounds  wall time (in hours):  0.08578525020016564
32_0211_0A04 2  rounds  wall time (in mins):  5.147115012009938 

32_0211_0A04  wall time (in hours):  0.08578526490264468
32_0211_0A04  wall time (in mins):  5.147115894158682


32_8020_4101_Trail_Rot 0  wall time (in hours):  0.0019064727094438342
32_8020_4101_Trail_Rot 0  wall time (in mins):  0.11438836256663004 

32_8020_4101_Trail_Rot 1  wall time (in hours):  0.002332939969168769
32_8020_4101_Trail_Rot 1  wall time (in mins):  0.13997639815012614 

32_8020_4101_Trail_Rot 2  wall time (in hours):  0.001799894240167406
32_8020_4101_Trail_Rot 2  wall time (in mins):  0.10799365441004435 

32_8020_4101_Trail_Rot 3  wall time (in hours):  0.0019096348683039347
32_8020_4101_Trail_Rot 3  wall time (in mins):  0.11457809209823608 

32_8020_4101_Trail_Rot 8  wall time (in hours):  0.0016552017794715034
32_8020_4101_Trail_Rot 8  wall time (in mins):  0.0993121067682902 

32_8020_4101_Trail_Rot 9  wall time (in hours):  0.002229313916630215
32_8020_4101_Trail_Rot 9  wall time (in mins):  0.1337588349978129 

32_8020_4101_Trail_Rot 12  wall time (in hours):  0.0019118309020996094
32_8020_4101_Trail_Rot 12  wall time (in mins):  0.11470985412597656 

32_8020_4101_Trail_Rot 13  wall time (in hours):  0.0017900594075520833
32_8020_4101_Trail_Rot 13  wall time (in mins):  0.107403564453125 

32_8020_4101_Trail_Rot 14  wall time (in hours):  0.0021460570229424373
32_8020_4101_Trail_Rot 14  wall time (in mins):  0.12876342137654623 

32_8020_4101_Trail_Rot 15  wall time (in hours):  0.0021887881226009794
32_8020_4101_Trail_Rot 15  wall time (in mins):  0.13132728735605875 

32_8020_4101 3  rounds  wall time (in hours):  0.019871393773290846
32_8020_4101 3  rounds  wall time (in mins):  1.1922836263974508 

32_8020_4101  wall time (in hours):  0.019871404767036437
32_8020_4101  wall time (in mins):  1.1922842860221863 

32_8060_4101_Trail_Rot 0  wall time (in hours):  0.001973419255680508
32_8060_4101_Trail_Rot 0  wall time (in mins):  0.11840515534083049 

32_8060_4101_Trail_Rot 2  wall time (in hours):  0.0019949330886205037
32_8060_4101_Trail_Rot 2  wall time (in mins):  0.11969598531723022 

32_8060_4101_Trail_Rot 3  wall time (in hours):  0.0019481359587775336
32_8060_4101_Trail_Rot 3  wall time (in mins):  0.11688815752665202 

32_8060_4101_Trail_Rot 8  wall time (in hours):  0.001823365092277527
32_8060_4101_Trail_Rot 8  wall time (in mins):  0.1094019055366516 

32_8060_4101_Trail_Rot 9  wall time (in hours):  0.0021152750651041666
32_8060_4101_Trail_Rot 9  wall time (in mins):  0.12691650390625 

32_8060_4101_Trail_Rot 12  wall time (in hours):  0.0021850811772876314
32_8060_4101_Trail_Rot 12  wall time (in mins):  0.1311048706372579 

32_8060_4101_Trail_Rot 13  wall time (in hours):  0.0019733882612652247
32_8060_4101_Trail_Rot 13  wall time (in mins):  0.1184032956759135 

32_8060_4101_Trail_Rot 14  wall time (in hours):  0.0017258086469438341
32_8060_4101_Trail_Rot 14  wall time (in mins):  0.10354851881663005 

32_8060_4101_Trail_Rot 15  wall time (in hours):  0.0017854028940200806
32_8060_4101_Trail_Rot 15  wall time (in mins):  0.10712417364120483 

32_8060_4101 3  rounds  wall time (in hours):  0.01752581715583801
32_8060_4101 3  rounds  wall time (in mins):  1.0515490293502807 

32_8060_4101  wall time (in hours):  0.01752582980526818
32_8060_4101  wall time (in mins):  1.051549788316091 

